<?xml version="1.0" encoding="UTF-8"?>
<coverage generated="1771837432137" clover="3.2.0">
  <project timestamp="1771837432137" name="All files">
    <metrics statements="43" coveredstatements="43" conditionals="33" coveredconditionals="33" methods="2" coveredmethods="2" elements="78" coveredelements="78" complexity="0" loc="43" ncloc="43" packages="1" files="2" classes="2"/>
    <file name="ticketCalculator.js" path="D:\3 курс 2 сем\АТБП\1 лаба\project1\ticketCalculator.js">
      <metrics statements="27" coveredstatements="27" conditionals="20" coveredconditionals="20" methods="1" coveredmethods="1"/>
      <line num="1" count="1" type="stmt"/>
      <line num="9" count="15" type="cond" truecount="2" falsecount="0"/>
      <line num="10" count="1" type="stmt"/>
      <line num="13" count="14" type="cond" truecount="2" falsecount="0"/>
      <line num="14" count="1" type="stmt"/>
      <line num="17" count="13" type="cond" truecount="2" falsecount="0"/>
      <line num="18" count="1" type="stmt"/>
      <line num="21" count="12" type="stmt"/>
      <line num="23" count="12" type="cond" truecount="2" falsecount="0"/>
      <line num="24" count="3" type="stmt"/>
      <line num="27" count="12" type="stmt"/>
      <line num="28" count="12" type="stmt"/>
      <line num="30" count="12" type="stmt"/>
      <line num="31" count="12" type="stmt"/>
      <line num="33" count="11" type="cond" truecount="4" falsecount="0"/>
      <line num="34" count="10" type="cond" truecount="2" falsecount="0"/>
      <line num="35" count="8" type="stmt"/>
      <line num="38" count="10" type="cond" truecount="4" falsecount="0"/>
      <line num="39" count="3" type="stmt"/>
      <line num="43" count="1" type="stmt"/>
      <line num="44" count="1" type="stmt"/>
      <line num="47" count="12" type="cond" truecount="2" falsecount="0"/>
      <line num="48" count="7" type="stmt"/>
      <line num="51" count="12" type="stmt"/>
      <line num="53" count="12" type="stmt"/>
      <line num="55" count="12" type="stmt"/>
      <line num="61" count="1" type="stmt"/>
    </file>
    <file name="ticketPrice.js" path="D:\3 курс 2 сем\АТБП\1 лаба\project1\ticketPrice.js">
      <metrics statements="16" coveredstatements="16" conditionals="13" coveredconditionals="13" methods="1" coveredmethods="1"/>
      <line num="7" count="9" type="cond" truecount="2" falsecount="0"/>
      <line num="8" count="1" type="stmt"/>
      <line num="11" count="8" type="cond" truecount="2" falsecount="0"/>
      <line num="12" count="1" type="stmt"/>
      <line num="15" count="7" type="cond" truecount="4" falsecount="0"/>
      <line num="16" count="1" type="stmt"/>
      <line num="19" count="6" type="stmt"/>
      <line num="21" count="6" type="stmt"/>
      <line num="22" count="6" type="stmt"/>
      <line num="24" count="6" type="cond" truecount="2" falsecount="0"/>
      <line num="25" count="2" type="stmt"/>
      <line num="28" count="6" type="stmt"/>
      <line num="30" count="6" type="cond" truecount="2" falsecount="0"/>
      <line num="31" count="2" type="stmt"/>
      <line num="34" count="6" type="stmt"/>
      <line num="37" count="1" type="stmt"/>
    </file>
  </project>
</coverage>
