{"D:\\3 курс 2 сем\\АТБП\\1 лаба\\project1\\ticketCalculator.js": {"path":"D:\\3 курс 2 сем\\АТБП\\1 лаба\\project1\\ticketCalculator.js","statementMap":{"0":{"start":{"line":1,"column":23},"end":{"line":1,"column":50}},"1":{"start":{"line":9,"column":2},"end":{"line":11,"column":3}},"2":{"start":{"line":10,"column":4},"end":{"line":10,"column":59}},"3":{"start":{"line":13,"column":2},"end":{"line":15,"column":3}},"4":{"start":{"line":14,"column":4},"end":{"line":14,"column":62}},"5":{"start":{"line":17,"column":2},"end":{"line":19,"column":3}},"6":{"start":{"line":18,"column":4},"end":{"line":18,"column":55}},"7":{"start":{"line":21,"column":14},"end":{"line":21,"column":23}},"8":{"start":{"line":23,"column":2},"end":{"line":25,"column":3}},"9":{"start":{"line":24,"column":4},"end":{"line":24,"column":18}},"10":{"start":{"line":27,"column":22},"end":{"line":27,"column":23}},"11":{"start":{"line":28,"column":28},"end":{"line":28,"column":31}},"12":{"start":{"line":30,"column":2},"end":{"line":45,"column":3}},"13":{"start":{"line":31,"column":21},"end":{"line":31,"column":63}},"14":{"start":{"line":33,"column":4},"end":{"line":41,"column":5}},"15":{"start":{"line":34,"column":6},"end":{"line":36,"column":7}},"16":{"start":{"line":35,"column":8},"end":{"line":35,"column":42}},"17":{"start":{"line":38,"column":6},"end":{"line":40,"column":7}},"18":{"start":{"line":39,"column":8},"end":{"line":39,"column":59}},"19":{"start":{"line":43,"column":4},"end":{"line":43,"column":22}},"20":{"start":{"line":44,"column":4},"end":{"line":44,"column":30}},"21":{"start":{"line":47,"column":2},"end":{"line":49,"column":3}},"22":{"start":{"line":48,"column":4},"end":{"line":48,"column":33}},"23":{"start":{"line":51,"column":2},"end":{"line":51,"column":48}},"24":{"start":{"line":53,"column":2},"end":{"line":53,"column":35}},"25":{"start":{"line":55,"column":2},"end":{"line":58,"column":4}},"26":{"start":{"line":61,"column":0},"end":{"line":61,"column":33}}},"fnMap":{"0":{"name":"calculateTicket","decl":{"start":{"line":3,"column":15},"end":{"line":3,"column":30}},"loc":{"start":{"line":8,"column":2},"end":{"line":59,"column":1}},"line":8}},"branchMap":{"0":{"loc":{"start":{"line":9,"column":2},"end":{"line":11,"column":3}},"type":"if","locations":[{"start":{"line":9,"column":2},"end":{"line":11,"column":3}},{"start":{},"end":{}}],"line":9},"1":{"loc":{"start":{"line":13,"column":2},"end":{"line":15,"column":3}},"type":"if","locations":[{"start":{"line":13,"column":2},"end":{"line":15,"column":3}},{"start":{},"end":{}}],"line":13},"2":{"loc":{"start":{"line":17,"column":2},"end":{"line":19,"column":3}},"type":"if","locations":[{"start":{"line":17,"column":2},"end":{"line":19,"column":3}},{"start":{},"end":{}}],"line":17},"3":{"loc":{"start":{"line":23,"column":2},"end":{"line":25,"column":3}},"type":"if","locations":[{"start":{"line":23,"column":2},"end":{"line":25,"column":3}},{"start":{},"end":{}}],"line":23},"4":{"loc":{"start":{"line":33,"column":4},"end":{"line":41,"column":5}},"type":"if","locations":[{"start":{"line":33,"column":4},"end":{"line":41,"column":5}},{"start":{},"end":{}}],"line":33},"5":{"loc":{"start":{"line":33,"column":8},"end":{"line":33,"column":48}},"type":"binary-expr","locations":[{"start":{"line":33,"column":8},"end":{"line":33,"column":16}},{"start":{"line":33,"column":20},"end":{"line":33,"column":48}}],"line":33},"6":{"loc":{"start":{"line":34,"column":6},"end":{"line":36,"column":7}},"type":"if","locations":[{"start":{"line":34,"column":6},"end":{"line":36,"column":7}},{"start":{},"end":{}}],"line":34},"7":{"loc":{"start":{"line":38,"column":6},"end":{"line":40,"column":7}},"type":"if","locations":[{"start":{"line":38,"column":6},"end":{"line":40,"column":7}},{"start":{},"end":{}}],"line":38},"8":{"loc":{"start":{"line":38,"column":10},"end":{"line":38,"column":86}},"type":"binary-expr","locations":[{"start":{"line":38,"column":10},"end":{"line":38,"column":34}},{"start":{"line":38,"column":38},"end":{"line":38,"column":86}}],"line":38},"9":{"loc":{"start":{"line":47,"column":2},"end":{"line":49,"column":3}},"type":"if","locations":[{"start":{"line":47,"column":2},"end":{"line":49,"column":3}},{"start":{},"end":{}}],"line":47}},"s":{"0":1,"1":15,"2":1,"3":14,"4":1,"5":13,"6":1,"7":12,"8":12,"9":3,"10":12,"11":12,"12":12,"13":12,"14":11,"15":10,"16":8,"17":10,"18":3,"19":1,"20":1,"21":12,"22":7,"23":12,"24":12,"25":12,"26":1},"f":{"0":15},"b":{"0":[1,14],"1":[1,13],"2":[1,12],"3":[3,9],"4":[10,1],"5":[11,11],"6":[8,2],"7":[3,7],"8":[10,6],"9":[7,5]},"_coverageSchema":"1a1c01bbd47fc00a2c39e90264f33305004495a9","hash":"113ea2ac0e2ae5275eee277fb1db46035a51d0df"}
,"D:\\3 курс 2 сем\\АТБП\\1 лаба\\project1\\ticketPrice.js": {"path":"D:\\3 курс 2 сем\\АТБП\\1 лаба\\project1\\ticketPrice.js","statementMap":{"0":{"start":{"line":7,"column":2},"end":{"line":9,"column":3}},"1":{"start":{"line":8,"column":4},"end":{"line":8,"column":76}},"2":{"start":{"line":11,"column":2},"end":{"line":13,"column":3}},"3":{"start":{"line":12,"column":4},"end":{"line":12,"column":62}},"4":{"start":{"line":15,"column":2},"end":{"line":17,"column":3}},"5":{"start":{"line":16,"column":4},"end":{"line":16,"column":55}},"6":{"start":{"line":19,"column":19},"end":{"line":19,"column":28}},"7":{"start":{"line":21,"column":23},"end":{"line":21,"column":25}},"8":{"start":{"line":22,"column":24},"end":{"line":22,"column":28}},"9":{"start":{"line":24,"column":2},"end":{"line":26,"column":3}},"10":{"start":{"line":25,"column":4},"end":{"line":25,"column":32}},"11":{"start":{"line":28,"column":30},"end":{"line":28,"column":33}},"12":{"start":{"line":30,"column":2},"end":{"line":32,"column":3}},"13":{"start":{"line":31,"column":4},"end":{"line":31,"column":38}},"14":{"start":{"line":34,"column":2},"end":{"line":34,"column":20}},"15":{"start":{"line":37,"column":0},"end":{"line":37,"column":38}}},"fnMap":{"0":{"name":"calculateTicketPrice","decl":{"start":{"line":1,"column":9},"end":{"line":1,"column":29}},"loc":{"start":{"line":6,"column":2},"end":{"line":35,"column":1}},"line":6}},"branchMap":{"0":{"loc":{"start":{"line":5,"column":2},"end":{"line":5,"column":21}},"type":"default-arg","locations":[{"start":{"line":5,"column":17},"end":{"line":5,"column":21}}],"line":5},"1":{"loc":{"start":{"line":7,"column":2},"end":{"line":9,"column":3}},"type":"if","locations":[{"start":{"line":7,"column":2},"end":{"line":9,"column":3}},{"start":{},"end":{}}],"line":7},"2":{"loc":{"start":{"line":11,"column":2},"end":{"line":13,"column":3}},"type":"if","locations":[{"start":{"line":11,"column":2},"end":{"line":13,"column":3}},{"start":{},"end":{}}],"line":11},"3":{"loc":{"start":{"line":15,"column":2},"end":{"line":17,"column":3}},"type":"if","locations":[{"start":{"line":15,"column":2},"end":{"line":17,"column":3}},{"start":{},"end":{}}],"line":15},"4":{"loc":{"start":{"line":15,"column":6},"end":{"line":15,"column":63}},"type":"binary-expr","locations":[{"start":{"line":15,"column":6},"end":{"line":15,"column":32}},{"start":{"line":15,"column":36},"end":{"line":15,"column":63}}],"line":15},"5":{"loc":{"start":{"line":24,"column":2},"end":{"line":26,"column":3}},"type":"if","locations":[{"start":{"line":24,"column":2},"end":{"line":26,"column":3}},{"start":{},"end":{}}],"line":24},"6":{"loc":{"start":{"line":30,"column":2},"end":{"line":32,"column":3}},"type":"if","locations":[{"start":{"line":30,"column":2},"end":{"line":32,"column":3}},{"start":{},"end":{}}],"line":30}},"s":{"0":9,"1":1,"2":8,"3":1,"4":7,"5":1,"6":6,"7":6,"8":6,"9":6,"10":2,"11":6,"12":6,"13":2,"14":6,"15":1},"f":{"0":9},"b":{"0":[8],"1":[1,8],"2":[1,7],"3":[1,6],"4":[7,3],"5":[2,4],"6":[2,4]},"_coverageSchema":"1a1c01bbd47fc00a2c39e90264f33305004495a9","hash":"f055c487d226da1bd25964801472a2327e870282"}
}
