TN:
SF:ticketCalculator.js
FN:3,calculateTicket
FNF:1
FNH:1
FNDA:15,calculateTicket
DA:1,1
DA:9,15
DA:10,1
DA:13,14
DA:14,1
DA:17,13
DA:18,1
DA:21,12
DA:23,12
DA:24,3
DA:27,12
DA:28,12
DA:30,12
DA:31,12
DA:33,11
DA:34,10
DA:35,8
DA:38,10
DA:39,3
DA:43,1
DA:44,1
DA:47,12
DA:48,7
DA:51,12
DA:53,12
DA:55,12
DA:61,1
LF:27
LH:27
BRDA:9,0,0,1
BRDA:9,0,1,14
BRDA:13,1,0,1
BRDA:13,1,1,13
BRDA:17,2,0,1
BRDA:17,2,1,12
BRDA:23,3,0,3
BRDA:23,3,1,9
BRDA:33,4,0,10
BRDA:33,4,1,1
BRDA:33,5,0,11
BRDA:33,5,1,11
BRDA:34,6,0,8
BRDA:34,6,1,2
BRDA:38,7,0,3
BRDA:38,7,1,7
BRDA:38,8,0,10
BRDA:38,8,1,6
BRDA:47,9,0,7
BRDA:47,9,1,5
BRF:20
BRH:20
end_of_record
TN:
SF:ticketPrice.js
FN:1,calculateTicketPrice
FNF:1
FNH:1
FNDA:9,calculateTicketPrice
DA:7,9
DA:8,1
DA:11,8
DA:12,1
DA:15,7
DA:16,1
DA:19,6
DA:21,6
DA:22,6
DA:24,6
DA:25,2
DA:28,6
DA:30,6
DA:31,2
DA:34,6
DA:37,1
LF:16
LH:16
BRDA:5,0,0,8
BRDA:7,1,0,1
BRDA:7,1,1,8
BRDA:11,2,0,1
BRDA:11,2,1,7
BRDA:15,3,0,1
BRDA:15,3,1,6
BRDA:15,4,0,7
BRDA:15,4,1,3
BRDA:24,5,0,2
BRDA:24,5,1,4
BRDA:30,6,0,2
BRDA:30,6,1,4
BRF:13
BRH:13
end_of_record
